build/app/intermediates/manifest_merge_blame_file/release/manifest-merger-blame-release-report.txt
1<?xml version="1.0" encoding="utf-8"?>
2<manifest xmlns:android="http://schemas.android.com/apk/res/android"
3    package="com.ev_charging_station_finder_1_0"
4    android:versionCode="4001"
5    android:versionName="1.0.0" >
6
7    <uses-sdk
8        android:minSdkVersion="21"
8-->src\main\AndroidManifest.xml
9        android:targetSdkVersion="33" />
9-->src\main\AndroidManifest.xml
10
11    <uses-permission android:name="android.permission.ACCESS_FINE_LOCATION" />
11-->src\main\AndroidManifest.xml:4:5-79
11-->src\main\AndroidManifest.xml:4:22-76
12    <uses-permission android:name="android.permission.ACCESS_COARSE_LOCATION" />
12-->src\main\AndroidManifest.xml:5:5-81
12-->src\main\AndroidManifest.xml:5:22-78
13    <uses-permission android:name="android.permission.CAMERA" />
13-->[:flutter_qr_bar_scanner] AndroidManifest.xml:9:5-65
13-->[:flutter_qr_bar_scanner] AndroidManifest.xml:9:22-62
14
15    <uses-feature
15-->[:flutter_qr_bar_scanner] AndroidManifest.xml:11:5-13:35
16        android:name="android.hardware.camera.autofocus"
16-->[:flutter_qr_bar_scanner] AndroidManifest.xml:12:9-57
17        android:required="true" />
17-->[:flutter_qr_bar_scanner] AndroidManifest.xml:13:9-32
18
19    <uses-permission android:name="android.permission.FOREGROUND_SERVICE" />
19-->[:geolocator_android] AndroidManifest.xml:9:5-77
19-->[:geolocator_android] AndroidManifest.xml:9:22-74
20    <uses-permission android:name="android.permission.INTERNET" />
20-->[com.google.firebase:firebase-auth:21.2.0] AndroidManifest.xml:25:5-67
20-->[com.google.firebase:firebase-auth:21.2.0] AndroidManifest.xml:25:22-64
21    <uses-permission android:name="android.permission.ACCESS_NETWORK_STATE" />
21-->[com.google.firebase:firebase-auth:21.2.0] AndroidManifest.xml:26:5-79
21-->[com.google.firebase:firebase-auth:21.2.0] AndroidManifest.xml:26:22-76
22
23    <uses-feature
23-->[com.google.android.gms:play-services-maps:18.1.0] AndroidManifest.xml:26:5-28:35
24        android:glEsVersion="0x00020000"
24-->[com.google.android.gms:play-services-maps:18.1.0] AndroidManifest.xml:27:9-41
25        android:required="true" />
25-->[com.google.android.gms:play-services-maps:18.1.0] AndroidManifest.xml:28:9-32
26
27    <queries>
27-->[com.google.android.gms:play-services-maps:18.1.0] AndroidManifest.xml:30:5-34:15
28
29        <!-- Needs to be explicitly declared on Android R+ -->
30        <package android:name="com.google.android.apps.maps" />
30-->[com.google.android.gms:play-services-maps:18.1.0] AndroidManifest.xml:33:9-64
30-->[com.google.android.gms:play-services-maps:18.1.0] AndroidManifest.xml:33:18-61
31    </queries>
32
33    <permission
33-->[androidx.core:core:1.9.0] AndroidManifest.xml:22:5-24:47
34        android:name="com.ev_charging_station_finder_1_0.DYNAMIC_RECEIVER_NOT_EXPORTED_PERMISSION"
34-->[androidx.core:core:1.9.0] AndroidManifest.xml:23:9-81
35        android:protectionLevel="signature" />
35-->[androidx.core:core:1.9.0] AndroidManifest.xml:24:9-44
36
37    <uses-permission android:name="com.ev_charging_station_finder_1_0.DYNAMIC_RECEIVER_NOT_EXPORTED_PERMISSION" /> <!-- Don't require camera, as this requires a rear camera. This allows it to work on the Nexus 7 -->
37-->[androidx.core:core:1.9.0] AndroidManifest.xml:26:5-97
37-->[androidx.core:core:1.9.0] AndroidManifest.xml:26:22-94
38    <uses-feature
38-->[com.journeyapps:zxing-android-embedded:4.3.0] AndroidManifest.xml:25:5-27:36
39        android:name="android.hardware.camera"
39-->[com.journeyapps:zxing-android-embedded:4.3.0] AndroidManifest.xml:26:9-47
40        android:required="false" />
40-->[com.journeyapps:zxing-android-embedded:4.3.0] AndroidManifest.xml:27:9-33
41    <uses-feature
41-->[com.journeyapps:zxing-android-embedded:4.3.0] AndroidManifest.xml:28:5-30:36
42        android:name="android.hardware.camera.front"
42-->[com.journeyapps:zxing-android-embedded:4.3.0] AndroidManifest.xml:29:9-53
43        android:required="false" />
43-->[com.journeyapps:zxing-android-embedded:4.3.0] AndroidManifest.xml:30:9-33
44    <uses-feature
44-->[com.journeyapps:zxing-android-embedded:4.3.0] AndroidManifest.xml:36:5-38:36
45        android:name="android.hardware.camera.flash"
45-->[com.journeyapps:zxing-android-embedded:4.3.0] AndroidManifest.xml:37:9-53
46        android:required="false" />
46-->[com.journeyapps:zxing-android-embedded:4.3.0] AndroidManifest.xml:38:9-33
47    <uses-feature
47-->[com.journeyapps:zxing-android-embedded:4.3.0] AndroidManifest.xml:39:5-41:36
48        android:name="android.hardware.screen.landscape"
48-->[com.journeyapps:zxing-android-embedded:4.3.0] AndroidManifest.xml:40:9-57
49        android:required="false" />
49-->[com.journeyapps:zxing-android-embedded:4.3.0] AndroidManifest.xml:41:9-33
50    <uses-feature
50-->[com.journeyapps:zxing-android-embedded:4.3.0] AndroidManifest.xml:42:5-44:36
51        android:name="android.hardware.wifi"
51-->[com.journeyapps:zxing-android-embedded:4.3.0] AndroidManifest.xml:43:9-45
52        android:required="false" />
52-->[com.journeyapps:zxing-android-embedded:4.3.0] AndroidManifest.xml:44:9-33
53
54    <application
55        android:name="android.app.Application"
55-->src\main\AndroidManifest.xml:9:9-42
56        android:appComponentFactory="androidx.core.app.CoreComponentFactory"
56-->[androidx.core:core:1.9.0] AndroidManifest.xml:28:18-86
57        android:icon="@mipmap/ic_launcher"
57-->src\main\AndroidManifest.xml:10:9-43
58        android:label="ev_charging_station_finder_1_0" >
58-->src\main\AndroidManifest.xml:8:9-55
59        <meta-data
59-->src\main\AndroidManifest.xml:12:8-13:69
60            android:name="com.google.android.geo.API_KEY"
60-->src\main\AndroidManifest.xml:12:19-64
61            android:value="AIzaSyCgR4LxabaW-1SzzyTOPJsaawgj41irC7Q" />
61-->src\main\AndroidManifest.xml:13:12-67
62
63        <uses-library
63-->src\main\AndroidManifest.xml:15:8-16:38
64            android:name="org.apache.http.legacy"
64-->src\main\AndroidManifest.xml:15:22-59
65            android:required="false" />
65-->src\main\AndroidManifest.xml:16:12-36
66
67        <activity
67-->src\main\AndroidManifest.xml:18:9-38:20
68            android:name="com.ev_charging_station_finder_1_0.MainActivity"
68-->src\main\AndroidManifest.xml:19:13-41
69            android:configChanges="orientation|keyboardHidden|keyboard|screenSize|smallestScreenSize|locale|layoutDirection|fontScale|screenLayout|density|uiMode"
69-->src\main\AndroidManifest.xml:23:13-163
70            android:exported="true"
70-->src\main\AndroidManifest.xml:20:13-36
71            android:hardwareAccelerated="true"
71-->src\main\AndroidManifest.xml:24:13-47
72            android:launchMode="singleTop"
72-->src\main\AndroidManifest.xml:21:13-43
73            android:theme="@style/LaunchTheme"
73-->src\main\AndroidManifest.xml:22:13-47
74            android:windowSoftInputMode="adjustResize" >
74-->src\main\AndroidManifest.xml:25:13-55
75
76            <!--
77                 Specifies an Android theme to apply to this Activity as soon as
78                 the Android process has started. This theme is visible to the user
79                 while the Flutter UI initializes. After that, this theme continues
80                 to determine the Window background behind the Flutter UI.
81            -->
82            <meta-data
82-->src\main\AndroidManifest.xml:30:13-33:17
83                android:name="io.flutter.embedding.android.NormalTheme"
83-->src\main\AndroidManifest.xml:31:15-70
84                android:resource="@style/NormalTheme" />
84-->src\main\AndroidManifest.xml:32:15-52
85
86            <intent-filter>
86-->src\main\AndroidManifest.xml:34:13-37:29
87                <action android:name="android.intent.action.MAIN" />
87-->src\main\AndroidManifest.xml:35:17-68
87-->src\main\AndroidManifest.xml:35:25-66
88
89                <category android:name="android.intent.category.LAUNCHER" />
89-->src\main\AndroidManifest.xml:36:17-76
89-->src\main\AndroidManifest.xml:36:27-74
90            </intent-filter>
91        </activity>
92        <!--
93             Don't delete the meta-data below.
94             This is used by the Flutter tool to generate GeneratedPluginRegistrant.java
95        -->
96        <meta-data
96-->src\main\AndroidManifest.xml:41:9-43:33
97            android:name="flutterEmbedding"
97-->src\main\AndroidManifest.xml:42:13-44
98            android:value="2" />
98-->src\main\AndroidManifest.xml:43:13-30
99        <meta-data
99-->[:flutter_qr_bar_scanner] AndroidManifest.xml:16:9-18:39
100            android:name="com.google.android.gms.vision.DEPENDENCIES"
100-->[:flutter_qr_bar_scanner] AndroidManifest.xml:17:13-70
101            android:value="barcode" />
101-->[:flutter_qr_bar_scanner] AndroidManifest.xml:18:13-36
102
103        <service
103-->[:firebase_auth] AndroidManifest.xml:10:9-14:19
104            android:name="com.google.firebase.components.ComponentDiscoveryService"
104-->[:firebase_auth] AndroidManifest.xml:10:18-89
105            android:directBootAware="true"
105-->[com.google.firebase:firebase-common:20.3.2] AndroidManifest.xml:34:13-43
106            android:exported="false" >
106-->[com.google.firebase:firebase-auth:21.2.0] AndroidManifest.xml:68:13-37
107            <meta-data
107-->[:firebase_auth] AndroidManifest.xml:11:13-13:85
108                android:name="com.google.firebase.components:io.flutter.plugins.firebase.auth.FlutterFirebaseAuthRegistrar"
108-->[:firebase_auth] AndroidManifest.xml:12:17-124
109                android:value="com.google.firebase.components.ComponentRegistrar" />
109-->[:firebase_auth] AndroidManifest.xml:13:17-82
110            <meta-data
110-->[:cloud_firestore] AndroidManifest.xml:11:13-13:85
111                android:name="com.google.firebase.components:io.flutter.plugins.firebase.firestore.FlutterFirebaseFirestoreRegistrar"
111-->[:cloud_firestore] AndroidManifest.xml:12:17-134
112                android:value="com.google.firebase.components.ComponentRegistrar" />
112-->[:cloud_firestore] AndroidManifest.xml:13:17-82
113            <meta-data
113-->[:firebase_core] AndroidManifest.xml:11:13-13:85
114                android:name="com.google.firebase.components:io.flutter.plugins.firebase.core.FlutterFirebaseCoreRegistrar"
114-->[:firebase_core] AndroidManifest.xml:12:17-124
115                android:value="com.google.firebase.components.ComponentRegistrar" />
115-->[:firebase_core] AndroidManifest.xml:13:17-82
116            <meta-data
116-->[com.google.firebase:firebase-auth:21.2.0] AndroidManifest.xml:69:13-71:85
117                android:name="com.google.firebase.components:com.google.firebase.auth.FirebaseAuthRegistrar"
117-->[com.google.firebase:firebase-auth:21.2.0] AndroidManifest.xml:70:17-109
118                android:value="com.google.firebase.components.ComponentRegistrar" />
118-->[com.google.firebase:firebase-auth:21.2.0] AndroidManifest.xml:71:17-82
119            <meta-data
119-->[com.google.firebase:firebase-firestore:24.4.5] AndroidManifest.xml:19:13-21:85
120                android:name="com.google.firebase.components:com.google.firebase.firestore.FirestoreRegistrar"
120-->[com.google.firebase:firebase-firestore:24.4.5] AndroidManifest.xml:20:17-111
121                android:value="com.google.firebase.components.ComponentRegistrar" />
121-->[com.google.firebase:firebase-firestore:24.4.5] AndroidManifest.xml:21:17-82
122        </service>
123        <service
123-->[:geolocator_android] AndroidManifest.xml:12:9-16:56
124            android:name="com.baseflow.geolocator.GeolocatorLocationService"
124-->[:geolocator_android] AndroidManifest.xml:13:13-77
125            android:enabled="true"
125-->[:geolocator_android] AndroidManifest.xml:14:13-35
126            android:exported="false"
126-->[:geolocator_android] AndroidManifest.xml:15:13-37
127            android:foregroundServiceType="location" />
127-->[:geolocator_android] AndroidManifest.xml:16:13-53
128
129        <activity
129-->[:url_launcher_android] AndroidManifest.xml:10:9-13:74
130            android:name="io.flutter.plugins.urllauncher.WebViewActivity"
130-->[:url_launcher_android] AndroidManifest.xml:11:13-74
131            android:exported="false"
131-->[:url_launcher_android] AndroidManifest.xml:12:13-37
132            android:theme="@android:style/Theme.NoTitleBar.Fullscreen" />
132-->[:url_launcher_android] AndroidManifest.xml:13:13-71
133
134        <service
134-->[:location] AndroidManifest.xml:13:9-17:56
135            android:name="com.lyokone.location.FlutterLocationService"
135-->[:location] AndroidManifest.xml:14:13-71
136            android:enabled="true"
136-->[:location] AndroidManifest.xml:15:13-35
137            android:exported="false"
137-->[:location] AndroidManifest.xml:16:13-37
138            android:foregroundServiceType="location" />
138-->[:location] AndroidManifest.xml:17:13-53
139
140        <uses-library
140-->[androidx.window:window:1.0.0-beta04] AndroidManifest.xml:25:9-27:40
141            android:name="androidx.window.extensions"
141-->[androidx.window:window:1.0.0-beta04] AndroidManifest.xml:26:13-54
142            android:required="false" />
142-->[androidx.window:window:1.0.0-beta04] AndroidManifest.xml:27:13-37
143        <uses-library
143-->[androidx.window:window:1.0.0-beta04] AndroidManifest.xml:28:9-30:40
144            android:name="androidx.window.sidecar"
144-->[androidx.window:window:1.0.0-beta04] AndroidManifest.xml:29:13-51
145            android:required="false" />
145-->[androidx.window:window:1.0.0-beta04] AndroidManifest.xml:30:13-37
146
147        <activity
147-->[com.google.firebase:firebase-auth:21.2.0] AndroidManifest.xml:29:9-46:20
148            android:name="com.google.firebase.auth.internal.GenericIdpActivity"
148-->[com.google.firebase:firebase-auth:21.2.0] AndroidManifest.xml:30:13-80
149            android:excludeFromRecents="true"
149-->[com.google.firebase:firebase-auth:21.2.0] AndroidManifest.xml:31:13-46
150            android:exported="true"
150-->[com.google.firebase:firebase-auth:21.2.0] AndroidManifest.xml:32:13-36
151            android:launchMode="singleTask"
151-->[com.google.firebase:firebase-auth:21.2.0] AndroidManifest.xml:33:13-44
152            android:theme="@android:style/Theme.Translucent.NoTitleBar" >
152-->[com.google.firebase:firebase-auth:21.2.0] AndroidManifest.xml:34:13-72
153            <intent-filter>
153-->[com.google.firebase:firebase-auth:21.2.0] AndroidManifest.xml:35:13-45:29
154                <action android:name="android.intent.action.VIEW" />
154-->[com.google.firebase:firebase-auth:21.2.0] AndroidManifest.xml:36:17-69
154-->[com.google.firebase:firebase-auth:21.2.0] AndroidManifest.xml:36:25-66
155
156                <category android:name="android.intent.category.DEFAULT" />
156-->[com.google.firebase:firebase-auth:21.2.0] AndroidManifest.xml:38:17-76
156-->[com.google.firebase:firebase-auth:21.2.0] AndroidManifest.xml:38:27-73
157                <category android:name="android.intent.category.BROWSABLE" />
157-->[com.google.firebase:firebase-auth:21.2.0] AndroidManifest.xml:39:17-78
157-->[com.google.firebase:firebase-auth:21.2.0] AndroidManifest.xml:39:27-75
158
159                <data
159-->[com.google.firebase:firebase-auth:21.2.0] AndroidManifest.xml:41:17-44:51
160                    android:host="firebase.auth"
160-->[com.google.firebase:firebase-auth:21.2.0] AndroidManifest.xml:42:21-49
161                    android:path="/"
161-->[com.google.firebase:firebase-auth:21.2.0] AndroidManifest.xml:43:21-37
162                    android:scheme="genericidp" />
162-->[com.google.firebase:firebase-auth:21.2.0] AndroidManifest.xml:44:21-48
163            </intent-filter>
164        </activity>
165        <activity
165-->[com.google.firebase:firebase-auth:21.2.0] AndroidManifest.xml:47:9-64:20
166            android:name="com.google.firebase.auth.internal.RecaptchaActivity"
166-->[com.google.firebase:firebase-auth:21.2.0] AndroidManifest.xml:48:13-79
167            android:excludeFromRecents="true"
167-->[com.google.firebase:firebase-auth:21.2.0] AndroidManifest.xml:49:13-46
168            android:exported="true"
168-->[com.google.firebase:firebase-auth:21.2.0] AndroidManifest.xml:50:13-36
169            android:launchMode="singleTask"
169-->[com.google.firebase:firebase-auth:21.2.0] AndroidManifest.xml:51:13-44
170            android:theme="@android:style/Theme.Translucent.NoTitleBar" >
170-->[com.google.firebase:firebase-auth:21.2.0] AndroidManifest.xml:52:13-72
171            <intent-filter>
171-->[com.google.firebase:firebase-auth:21.2.0] AndroidManifest.xml:53:13-63:29
172                <action android:name="android.intent.action.VIEW" />
172-->[com.google.firebase:firebase-auth:21.2.0] AndroidManifest.xml:36:17-69
172-->[com.google.firebase:firebase-auth:21.2.0] AndroidManifest.xml:36:25-66
173
174                <category android:name="android.intent.category.DEFAULT" />
174-->[com.google.firebase:firebase-auth:21.2.0] AndroidManifest.xml:38:17-76
174-->[com.google.firebase:firebase-auth:21.2.0] AndroidManifest.xml:38:27-73
175                <category android:name="android.intent.category.BROWSABLE" />
175-->[com.google.firebase:firebase-auth:21.2.0] AndroidManifest.xml:39:17-78
175-->[com.google.firebase:firebase-auth:21.2.0] AndroidManifest.xml:39:27-75
176
177                <data
177-->[com.google.firebase:firebase-auth:21.2.0] AndroidManifest.xml:41:17-44:51
178                    android:host="firebase.auth"
178-->[com.google.firebase:firebase-auth:21.2.0] AndroidManifest.xml:42:21-49
179                    android:path="/"
179-->[com.google.firebase:firebase-auth:21.2.0] AndroidManifest.xml:43:21-37
180                    android:scheme="recaptcha" />
180-->[com.google.firebase:firebase-auth:21.2.0] AndroidManifest.xml:44:21-48
181            </intent-filter>
182        </activity>
183
184        <provider
184-->[com.google.firebase:firebase-common:20.3.2] AndroidManifest.xml:25:9-30:39
185            android:name="com.google.firebase.provider.FirebaseInitProvider"
185-->[com.google.firebase:firebase-common:20.3.2] AndroidManifest.xml:26:13-77
186            android:authorities="com.ev_charging_station_finder_1_0.firebaseinitprovider"
186-->[com.google.firebase:firebase-common:20.3.2] AndroidManifest.xml:27:13-72
187            android:directBootAware="true"
187-->[com.google.firebase:firebase-common:20.3.2] AndroidManifest.xml:28:13-43
188            android:exported="false"
188-->[com.google.firebase:firebase-common:20.3.2] AndroidManifest.xml:29:13-37
189            android:initOrder="100" />
189-->[com.google.firebase:firebase-common:20.3.2] AndroidManifest.xml:30:13-36
190
191        <service
191-->[com.google.android.gms:play-services-mlkit-barcode-scanning:16.1.4] AndroidManifest.xml:9:9-15:19
192            android:name="com.google.mlkit.common.internal.MlKitComponentDiscoveryService"
192-->[com.google.android.gms:play-services-mlkit-barcode-scanning:16.1.4] AndroidManifest.xml:10:13-91
193            android:directBootAware="true"
193-->[com.google.mlkit:common:17.1.1] AndroidManifest.xml:17:13-43
194            android:exported="false" >
194-->[com.google.android.gms:play-services-mlkit-barcode-scanning:16.1.4] AndroidManifest.xml:11:13-37
195            <meta-data
195-->[com.google.android.gms:play-services-mlkit-barcode-scanning:16.1.4] AndroidManifest.xml:12:13-14:85
196                android:name="com.google.firebase.components:com.google.mlkit.vision.barcode.internal.BarcodeRegistrar"
196-->[com.google.android.gms:play-services-mlkit-barcode-scanning:16.1.4] AndroidManifest.xml:13:17-120
197                android:value="com.google.firebase.components.ComponentRegistrar" />
197-->[com.google.android.gms:play-services-mlkit-barcode-scanning:16.1.4] AndroidManifest.xml:14:17-82
198            <meta-data
198-->[com.google.mlkit:vision-common:16.3.0] AndroidManifest.xml:12:13-14:85
199                android:name="com.google.firebase.components:com.google.mlkit.vision.common.internal.VisionCommonRegistrar"
199-->[com.google.mlkit:vision-common:16.3.0] AndroidManifest.xml:13:17-124
200                android:value="com.google.firebase.components.ComponentRegistrar" />
200-->[com.google.mlkit:vision-common:16.3.0] AndroidManifest.xml:14:17-82
201            <meta-data
201-->[com.google.mlkit:common:17.1.1] AndroidManifest.xml:20:13-22:85
202                android:name="com.google.firebase.components:com.google.mlkit.common.internal.CommonComponentRegistrar"
202-->[com.google.mlkit:common:17.1.1] AndroidManifest.xml:21:17-120
203                android:value="com.google.firebase.components.ComponentRegistrar" />
203-->[com.google.mlkit:common:17.1.1] AndroidManifest.xml:22:17-82
204        </service>
205
206        <provider
206-->[com.google.mlkit:common:17.1.1] AndroidManifest.xml:9:9-13:38
207            android:name="com.google.mlkit.common.internal.MlKitInitProvider"
207-->[com.google.mlkit:common:17.1.1] AndroidManifest.xml:10:13-78
208            android:authorities="com.ev_charging_station_finder_1_0.mlkitinitprovider"
208-->[com.google.mlkit:common:17.1.1] AndroidManifest.xml:11:13-69
209            android:exported="false"
209-->[com.google.mlkit:common:17.1.1] AndroidManifest.xml:12:13-37
210            android:initOrder="99" />
210-->[com.google.mlkit:common:17.1.1] AndroidManifest.xml:13:13-35
211
212        <activity
212-->[com.google.android.gms:play-services-base:18.1.0] AndroidManifest.xml:20:9-22:45
213            android:name="com.google.android.gms.common.api.GoogleApiActivity"
213-->[com.google.android.gms:play-services-base:18.1.0] AndroidManifest.xml:20:19-85
214            android:exported="false"
214-->[com.google.android.gms:play-services-base:18.1.0] AndroidManifest.xml:22:19-43
215            android:theme="@android:style/Theme.Translucent.NoTitleBar" />
215-->[com.google.android.gms:play-services-base:18.1.0] AndroidManifest.xml:21:19-78
216
217        <meta-data
217-->[com.google.android.gms:play-services-basement:18.1.0] AndroidManifest.xml:21:9-23:69
218            android:name="com.google.android.gms.version"
218-->[com.google.android.gms:play-services-basement:18.1.0] AndroidManifest.xml:22:13-58
219            android:value="@integer/google_play_services_version" />
219-->[com.google.android.gms:play-services-basement:18.1.0] AndroidManifest.xml:23:13-66
220
221        <provider
221-->[androidx.emoji2:emoji2:1.0.0] AndroidManifest.xml:26:9-34:20
222            android:name="androidx.startup.InitializationProvider"
222-->[androidx.emoji2:emoji2:1.0.0] AndroidManifest.xml:27:13-67
223            android:authorities="com.ev_charging_station_finder_1_0.androidx-startup"
223-->[androidx.emoji2:emoji2:1.0.0] AndroidManifest.xml:28:13-68
224            android:exported="false" >
224-->[androidx.emoji2:emoji2:1.0.0] AndroidManifest.xml:29:13-37
225            <meta-data
225-->[androidx.emoji2:emoji2:1.0.0] AndroidManifest.xml:31:13-33:52
226                android:name="androidx.emoji2.text.EmojiCompatInitializer"
226-->[androidx.emoji2:emoji2:1.0.0] AndroidManifest.xml:32:17-75
227                android:value="androidx.startup" />
227-->[androidx.emoji2:emoji2:1.0.0] AndroidManifest.xml:33:17-49
228            <meta-data
228-->[androidx.lifecycle:lifecycle-process:2.4.0] AndroidManifest.xml:31:13-33:52
229                android:name="androidx.lifecycle.ProcessLifecycleInitializer"
229-->[androidx.lifecycle:lifecycle-process:2.4.0] AndroidManifest.xml:32:17-78
230                android:value="androidx.startup" />
230-->[androidx.lifecycle:lifecycle-process:2.4.0] AndroidManifest.xml:33:17-49
231        </provider>
232
233        <service
233-->[com.google.android.datatransport:transport-backend-cct:2.3.2] AndroidManifest.xml:29:9-35:19
234            android:name="com.google.android.datatransport.runtime.backends.TransportBackendDiscovery"
234-->[com.google.android.datatransport:transport-backend-cct:2.3.2] AndroidManifest.xml:30:13-103
235            android:exported="false" >
235-->[com.google.android.datatransport:transport-backend-cct:2.3.2] AndroidManifest.xml:31:13-37
236            <meta-data
236-->[com.google.android.datatransport:transport-backend-cct:2.3.2] AndroidManifest.xml:32:13-34:39
237                android:name="backend:com.google.android.datatransport.cct.CctBackendFactory"
237-->[com.google.android.datatransport:transport-backend-cct:2.3.2] AndroidManifest.xml:33:17-94
238                android:value="cct" />
238-->[com.google.android.datatransport:transport-backend-cct:2.3.2] AndroidManifest.xml:34:17-36
239        </service>
240        <service
240-->[com.google.android.datatransport:transport-runtime:2.2.5] AndroidManifest.xml:26:9-30:19
241            android:name="com.google.android.datatransport.runtime.scheduling.jobscheduling.JobInfoSchedulerService"
241-->[com.google.android.datatransport:transport-runtime:2.2.5] AndroidManifest.xml:27:13-117
242            android:exported="false"
242-->[com.google.android.datatransport:transport-runtime:2.2.5] AndroidManifest.xml:28:13-37
243            android:permission="android.permission.BIND_JOB_SERVICE" >
243-->[com.google.android.datatransport:transport-runtime:2.2.5] AndroidManifest.xml:29:13-69
244        </service>
245
246        <receiver
246-->[com.google.android.datatransport:transport-runtime:2.2.5] AndroidManifest.xml:32:9-34:40
247            android:name="com.google.android.datatransport.runtime.scheduling.jobscheduling.AlarmManagerSchedulerBroadcastReceiver"
247-->[com.google.android.datatransport:transport-runtime:2.2.5] AndroidManifest.xml:33:13-132
248            android:exported="false" />
248-->[com.google.android.datatransport:transport-runtime:2.2.5] AndroidManifest.xml:34:13-37
249
250        <activity
250-->[com.journeyapps:zxing-android-embedded:4.3.0] AndroidManifest.xml:47:9-53:63
251            android:name="com.journeyapps.barcodescanner.CaptureActivity"
251-->[com.journeyapps:zxing-android-embedded:4.3.0] AndroidManifest.xml:48:13-74
252            android:clearTaskOnLaunch="true"
252-->[com.journeyapps:zxing-android-embedded:4.3.0] AndroidManifest.xml:49:13-45
253            android:screenOrientation="sensorLandscape"
253-->[com.journeyapps:zxing-android-embedded:4.3.0] AndroidManifest.xml:50:13-56
254            android:stateNotNeeded="true"
254-->[com.journeyapps:zxing-android-embedded:4.3.0] AndroidManifest.xml:51:13-42
255            android:theme="@style/zxing_CaptureTheme"
255-->[com.journeyapps:zxing-android-embedded:4.3.0] AndroidManifest.xml:52:13-54
256            android:windowSoftInputMode="stateAlwaysHidden" />
256-->[com.journeyapps:zxing-android-embedded:4.3.0] AndroidManifest.xml:53:13-60
257    </application>
258
259</manifest>